[2024-09-18 21:18:45,926] 22 root -INFO - Entered the data cleaning method or component
[2024-09-18 21:18:45,941] 27 root -INFO - Read the dataset as dataframe
[2024-09-18 21:18:45,941] 39 root -INFO - directory created
[2024-09-18 21:18:45,973] 43 root -INFO - Train data saved
[2024-09-18 21:18:45,973] 45 root -INFO - Test data saved
[2024-09-18 21:18:45,973] 47 root -INFO - Train and test data cleaned
[2024-09-18 21:18:45,973] 16 root -INFO - Data Cleaning completed. Cleaned Train Data: artifacts\train_cleaned.csv, Cleaned Test Data: artifacts\test_cleaned.csv
[2024-09-18 21:18:45,973] 20 root -INFO - Entered the data ingestion method or component
[2024-09-18 21:18:46,020] 24 root -INFO - Read the dataset as dataframe
[2024-09-18 21:18:46,052] 31 root -INFO - Raw data saved
[2024-09-18 21:18:46,052] 34 root -INFO - Train-test split initiated
[2024-09-18 21:18:46,099] 40 root -INFO - Train and test data saved
[2024-09-18 21:18:46,099] 21 root -INFO - Data Ingestion completed. Raw Data: artifacts\data.csv, Train Data: artifacts\train.csv, Test Data: artifacts\test.csv
[2024-09-18 21:18:46,114] 76 root -INFO - Read train and test data completed
[2024-09-18 21:18:46,114] 78 root -INFO - Obtaining preprocessing object
[2024-09-18 21:18:46,114] 53 root -INFO - Features to label-encode: ['Item_Fat_Content', 'Outlet_Location_Type']
[2024-09-18 21:18:46,114] 54 root -INFO - Features to one-hot-encode: ['Item_Type', 'Outlet_Size', 'Outlet_Type']
[2024-09-18 21:18:46,114] 55 root -INFO - Features to scale: ['Item_Weight', 'Item_MRP', 'Outlet_Age']
[2024-09-18 21:18:46,114] 65 root -INFO - Data transformation pipeline created.
[2024-09-18 21:18:46,114] 87 root -INFO - Applying preprocessing object on training dataframe and testing dataframe.
[2024-09-18 21:18:46,130] 91 root -INFO - Saved preprocessing object.
[2024-09-18 21:18:46,145] 26 root -INFO - Data Transformation completed.
[2024-09-18 21:18:46,145] 18 root -INFO - Splitting training and test input data
[2024-09-18 21:18:46,145] 51 root -INFO - Exception occurred during model evaluation
[2024-09-18 21:18:46,145] 64 root -ERROR - Error occurred in ModelTrainer: Error occured in python script name [c:\ineroun classes\internship_project(stores_sales_production)\src\StoreSalesPrediction\utils\utils.py] line number [38] error message [The 'n_iter' parameter of RandomizedSearchCV must be an int in the range [1, inf). Got 0 instead.]
[2024-09-18 21:18:46,145] 34 root -ERROR - An error occurred: Error occured in python script name [c:\ineroun classes\internship_project(stores_sales_production)\src\StoreSalesPrediction\components\model_trainer.py] line number [41] error message [Error occured in python script name [c:\ineroun classes\internship_project(stores_sales_production)\src\StoreSalesPrediction\utils\utils.py] line number [38] error message [The 'n_iter' parameter of RandomizedSearchCV must be an int in the range [1, inf). Got 0 instead.]]
