[2024-09-19 19:24:04,651] 22 root -INFO - Entered the data cleaning method or component
[2024-09-19 19:24:04,742] 27 root -INFO - Read the dataset as dataframe
[2024-09-19 19:24:04,784] 39 root -INFO - directory created
[2024-09-19 19:24:04,852] 43 root -INFO - Train data saved
[2024-09-19 19:24:04,871] 45 root -INFO - Test data saved
[2024-09-19 19:24:04,872] 47 root -INFO - Train and test data cleaned
[2024-09-19 19:24:04,872] 16 root -INFO - Data Cleaning completed. Cleaned Train Data: artifacts\train_cleaned.csv, Cleaned Test Data: artifacts\test_cleaned.csv
[2024-09-19 19:24:04,872] 20 root -INFO - Entered the data ingestion method or component
[2024-09-19 19:24:04,892] 24 root -INFO - Read the dataset as dataframe
[2024-09-19 19:24:04,958] 31 root -INFO - Raw data saved
[2024-09-19 19:24:04,958] 34 root -INFO - Train-test split initiated
[2024-09-19 19:24:05,037] 40 root -INFO - Train and test data saved
[2024-09-19 19:24:05,037] 21 root -INFO - Data Ingestion completed. Raw Data: artifacts\data.csv, Train Data: artifacts\train.csv, Test Data: artifacts\test.csv
[2024-09-19 19:24:05,097] 76 root -INFO - Read train and test data completed
[2024-09-19 19:24:05,097] 78 root -INFO - Obtaining preprocessing object
[2024-09-19 19:24:05,097] 53 root -INFO - Features to label-encode: ['Item_Fat_Content', 'Outlet_Location_Type']
[2024-09-19 19:24:05,097] 54 root -INFO - Features to one-hot-encode: ['Item_Type', 'Outlet_Size', 'Outlet_Type']
[2024-09-19 19:24:05,097] 55 root -INFO - Features to scale: ['Item_Weight', 'Item_MRP', 'Outlet_Age']
[2024-09-19 19:24:05,097] 65 root -INFO - Data transformation pipeline created.
[2024-09-19 19:24:05,097] 87 root -INFO - Applying preprocessing object on training dataframe and testing dataframe.
[2024-09-19 19:24:05,227] 91 root -INFO - Saved preprocessing object.
[2024-09-19 19:24:05,227] 26 root -INFO - Data Transformation completed.
[2024-09-19 19:24:05,227] 32 root -INFO - Split training and test input data
[2024-09-19 19:24:05,502] 53 root -INFO - Model Report : {'LinearRegression': 0.5803611593472952, 'Lasso': 0.5796909671899092, 'Ridge': 0.5803368440927417, 'Elasticnet': 0.45984582551684705}
[2024-09-19 19:24:05,505] 67 root -INFO - Best Model Found , Model Name : LinearRegression , R2 Score : 0.5803611593472952
[2024-09-19 19:24:05,512] 31 root -INFO - Model Training completed.
