[2024-09-18 20:56:53,403] 22 root -INFO - Entered the data cleaning method or component
[2024-09-18 20:56:53,436] 27 root -INFO - Read the dataset as dataframe
[2024-09-18 20:56:53,436] 39 root -INFO - directory created
[2024-09-18 20:56:53,466] 43 root -INFO - Train data saved
[2024-09-18 20:56:53,473] 45 root -INFO - Test data saved
[2024-09-18 20:56:53,482] 47 root -INFO - Train and test data cleaned
[2024-09-18 20:56:53,482] 16 root -INFO - Data Cleaning completed. Cleaned Train Data: artifacts\train_cleaned.csv, Cleaned Test Data: artifacts\test_cleaned.csv
[2024-09-18 20:56:53,482] 20 root -INFO - Entered the data ingestion method or component
[2024-09-18 20:56:53,514] 24 root -INFO - Read the dataset as dataframe
[2024-09-18 20:56:53,546] 31 root -INFO - Raw data saved
[2024-09-18 20:56:53,546] 34 root -INFO - Train-test split initiated
[2024-09-18 20:56:53,613] 40 root -INFO - Train and test data saved
[2024-09-18 20:56:53,615] 21 root -INFO - Data Ingestion completed. Raw Data: artifacts\data.csv, Train Data: artifacts\train.csv, Test Data: artifacts\test.csv
[2024-09-18 20:56:53,653] 76 root -INFO - Read train and test data completed
[2024-09-18 20:56:53,653] 78 root -INFO - Obtaining preprocessing object
[2024-09-18 20:56:53,653] 53 root -INFO - Features to label-encode: ['Item_Fat_Content', 'Outlet_Location_Type']
[2024-09-18 20:56:53,653] 54 root -INFO - Features to one-hot-encode: ['Item_Type', 'Outlet_Size', 'Outlet_Type']
[2024-09-18 20:56:53,653] 55 root -INFO - Features to scale: ['Item_Weight', 'Item_MRP', 'Outlet_Age']
[2024-09-18 20:56:53,653] 65 root -INFO - Data transformation pipeline created.
[2024-09-18 20:56:53,656] 87 root -INFO - Applying preprocessing object on training dataframe and testing dataframe.
[2024-09-18 20:56:53,684] 91 root -INFO - Saved preprocessing object.
[2024-09-18 20:56:53,696] 26 root -INFO - Data Transformation completed.
[2024-09-18 20:56:53,698] 33 root -INFO - Split training and test input data
