[2024-09-25 19:30:11,234] 22 root -INFO - Entered the data cleaning method or component
[2024-09-25 19:30:11,265] 27 root -INFO - Read the dataset as dataframe
[2024-09-25 19:30:11,280] 39 root -INFO - directory created
[2024-09-25 19:30:11,312] 43 root -INFO - Train data saved
[2024-09-25 19:30:11,338] 45 root -INFO - Test data saved
[2024-09-25 19:30:11,338] 47 root -INFO - Train and test data cleaned
[2024-09-25 19:30:11,338] 16 root -INFO - Data Cleaning completed. Cleaned Train Data: artifacts\train_cleaned.csv, Cleaned Test Data: artifacts\test_cleaned.csv
[2024-09-25 19:30:11,338] 20 root -INFO - Entered the data ingestion method or component
[2024-09-25 19:30:11,357] 24 root -INFO - Read the dataset as dataframe
[2024-09-25 19:30:11,409] 31 root -INFO - Raw data saved
[2024-09-25 19:30:11,409] 34 root -INFO - Train-test split initiated
[2024-09-25 19:30:11,470] 40 root -INFO - Train and test data saved
[2024-09-25 19:30:11,472] 21 root -INFO - Data Ingestion completed. Raw Data: artifacts\data.csv, Train Data: artifacts\train.csv, Test Data: artifacts\test.csv
[2024-09-25 19:30:11,503] 76 root -INFO - Read train and test data completed
[2024-09-25 19:30:11,503] 78 root -INFO - Obtaining preprocessing object
[2024-09-25 19:30:11,503] 53 root -INFO - Features to label-encode: ['Item_Fat_Content', 'Outlet_Location_Type']
[2024-09-25 19:30:11,503] 54 root -INFO - Features to one-hot-encode: ['Item_Type', 'Outlet_Size', 'Outlet_Type']
[2024-09-25 19:30:11,503] 55 root -INFO - Features to scale: ['Item_Weight', 'Item_MRP', 'Outlet_Age']
[2024-09-25 19:30:11,503] 65 root -INFO - Data transformation pipeline created.
[2024-09-25 19:30:11,507] 87 root -INFO - Applying preprocessing object on training dataframe and testing dataframe.
[2024-09-25 19:30:11,536] 91 root -INFO - Saved preprocessing object.
[2024-09-25 19:30:11,551] 26 root -INFO - Data Transformation completed.
[2024-09-25 19:30:11,551] 34 root -INFO - Split training and test input data
[2024-09-25 19:40:05,849] 91 root -INFO - Model Report : {'LinearRegression': 0.5803611593472952, 'Lasso': 0.5796909671899092, 'Ridge': 0.5803368440927417, 'Elasticnet': 0.45984582551684705, 'Random Forest': 0.5442909239574822, 'Decision Tree': 0.17029233993533222, 'Gradient Boosting': 0.6079352388754893, 'AdaBoost Regressor': 0.48417212377768504}
[2024-09-25 19:40:05,849] 105 root -INFO - Best Model Found , Model Name : Gradient Boosting , R2 Score : 0.6079352388754893
[2024-09-25 19:40:05,870] 31 root -INFO - Model Training completed.
