[2024-09-25 18:58:50,980] 22 root -INFO - Entered the data cleaning method or component
[2024-09-25 18:58:51,079] 27 root -INFO - Read the dataset as dataframe
[2024-09-25 18:58:51,125] 39 root -INFO - directory created
[2024-09-25 18:58:51,195] 43 root -INFO - Train data saved
[2024-09-25 18:58:51,209] 45 root -INFO - Test data saved
[2024-09-25 18:58:51,210] 47 root -INFO - Train and test data cleaned
[2024-09-25 18:58:51,211] 16 root -INFO - Data Cleaning completed. Cleaned Train Data: artifacts\train_cleaned.csv, Cleaned Test Data: artifacts\test_cleaned.csv
[2024-09-25 18:58:51,211] 20 root -INFO - Entered the data ingestion method or component
[2024-09-25 18:58:51,260] 24 root -INFO - Read the dataset as dataframe
[2024-09-25 18:58:51,342] 31 root -INFO - Raw data saved
[2024-09-25 18:58:51,342] 34 root -INFO - Train-test split initiated
[2024-09-25 18:58:51,453] 40 root -INFO - Train and test data saved
[2024-09-25 18:58:51,453] 21 root -INFO - Data Ingestion completed. Raw Data: artifacts\data.csv, Train Data: artifacts\train.csv, Test Data: artifacts\test.csv
[2024-09-25 18:58:51,522] 76 root -INFO - Read train and test data completed
[2024-09-25 18:58:51,522] 78 root -INFO - Obtaining preprocessing object
[2024-09-25 18:58:51,522] 53 root -INFO - Features to label-encode: ['Item_Fat_Content', 'Outlet_Location_Type']
[2024-09-25 18:58:51,522] 54 root -INFO - Features to one-hot-encode: ['Item_Type', 'Outlet_Size', 'Outlet_Type']
[2024-09-25 18:58:51,522] 55 root -INFO - Features to scale: ['Item_Weight', 'Item_MRP', 'Outlet_Age']
[2024-09-25 18:58:51,522] 65 root -INFO - Data transformation pipeline created.
[2024-09-25 18:58:51,531] 87 root -INFO - Applying preprocessing object on training dataframe and testing dataframe.
[2024-09-25 18:58:51,657] 91 root -INFO - Saved preprocessing object.
[2024-09-25 18:58:51,661] 26 root -INFO - Data Transformation completed.
[2024-09-25 18:58:51,661] 32 root -INFO - Split training and test input data
[2024-09-25 18:58:51,893] 53 root -INFO - Model Report : {'LinearRegression': 0.5803611593472952, 'Lasso': 0.5796909671899092, 'Ridge': 0.5803368440927417, 'Elasticnet': 0.45984582551684705}
[2024-09-25 18:58:51,893] 67 root -INFO - Best Model Found , Model Name : LinearRegression , R2 Score : 0.5803611593472952
[2024-09-25 18:58:51,906] 31 root -INFO - Model Training completed.
