[2024-09-25 19:12:52,043] 22 root -INFO - Entered the data cleaning method or component
[2024-09-25 19:12:52,133] 27 root -INFO - Read the dataset as dataframe
[2024-09-25 19:12:52,146] 39 root -INFO - directory created
[2024-09-25 19:12:52,213] 43 root -INFO - Train data saved
[2024-09-25 19:12:52,246] 45 root -INFO - Test data saved
[2024-09-25 19:12:52,246] 47 root -INFO - Train and test data cleaned
[2024-09-25 19:12:52,246] 16 root -INFO - Data Cleaning completed. Cleaned Train Data: artifacts\train_cleaned.csv, Cleaned Test Data: artifacts\test_cleaned.csv
[2024-09-25 19:12:52,246] 20 root -INFO - Entered the data ingestion method or component
[2024-09-25 19:12:52,298] 24 root -INFO - Read the dataset as dataframe
[2024-09-25 19:12:52,413] 31 root -INFO - Raw data saved
[2024-09-25 19:12:52,413] 34 root -INFO - Train-test split initiated
[2024-09-25 19:12:52,532] 40 root -INFO - Train and test data saved
[2024-09-25 19:12:52,534] 21 root -INFO - Data Ingestion completed. Raw Data: artifacts\data.csv, Train Data: artifacts\train.csv, Test Data: artifacts\test.csv
[2024-09-25 19:12:52,615] 76 root -INFO - Read train and test data completed
[2024-09-25 19:12:52,615] 78 root -INFO - Obtaining preprocessing object
[2024-09-25 19:12:52,615] 53 root -INFO - Features to label-encode: ['Item_Fat_Content', 'Outlet_Location_Type']
[2024-09-25 19:12:52,615] 54 root -INFO - Features to one-hot-encode: ['Item_Type', 'Outlet_Size', 'Outlet_Type']
[2024-09-25 19:12:52,616] 55 root -INFO - Features to scale: ['Item_Weight', 'Item_MRP', 'Outlet_Age']
[2024-09-25 19:12:52,617] 65 root -INFO - Data transformation pipeline created.
[2024-09-25 19:12:52,626] 87 root -INFO - Applying preprocessing object on training dataframe and testing dataframe.
[2024-09-25 19:12:52,707] 91 root -INFO - Saved preprocessing object.
[2024-09-25 19:12:52,712] 26 root -INFO - Data Transformation completed.
[2024-09-25 19:12:52,712] 35 root -INFO - Split training and test input data
[2024-09-25 19:12:52,713] 54 root -INFO - Exception occured during model training
[2024-09-25 19:12:52,713] 117 root -INFO - Exception occured at Model Training
[2024-09-25 19:12:52,714] 34 root -ERROR - An error occurred: Error occured in python script name [c:\ineroun classes\internship_project(stores_sales_production)\src\StoreSalesPrediction\components\model_trainer.py] line number [88] error message [Error occured in python script name [c:\ineroun classes\internship_project(stores_sales_production)\src\StoreSalesPrediction\utils\utils.py] line number [31] error message ['LinearRegression']]
