[2024-09-25 19:21:19,176] 22 root -INFO - Entered the data cleaning method or component
[2024-09-25 19:21:19,210] 27 root -INFO - Read the dataset as dataframe
[2024-09-25 19:21:19,226] 39 root -INFO - directory created
[2024-09-25 19:21:19,443] 43 root -INFO - Train data saved
[2024-09-25 19:21:19,443] 45 root -INFO - Test data saved
[2024-09-25 19:21:19,443] 47 root -INFO - Train and test data cleaned
[2024-09-25 19:21:19,443] 16 root -INFO - Data Cleaning completed. Cleaned Train Data: artifacts\train_cleaned.csv, Cleaned Test Data: artifacts\test_cleaned.csv
[2024-09-25 19:21:19,443] 20 root -INFO - Entered the data ingestion method or component
[2024-09-25 19:21:19,476] 24 root -INFO - Read the dataset as dataframe
[2024-09-25 19:21:19,560] 31 root -INFO - Raw data saved
[2024-09-25 19:21:19,560] 34 root -INFO - Train-test split initiated
[2024-09-25 19:21:19,643] 40 root -INFO - Train and test data saved
[2024-09-25 19:21:19,643] 21 root -INFO - Data Ingestion completed. Raw Data: artifacts\data.csv, Train Data: artifacts\train.csv, Test Data: artifacts\test.csv
[2024-09-25 19:21:19,688] 76 root -INFO - Read train and test data completed
[2024-09-25 19:21:19,688] 78 root -INFO - Obtaining preprocessing object
[2024-09-25 19:21:19,688] 53 root -INFO - Features to label-encode: ['Item_Fat_Content', 'Outlet_Location_Type']
[2024-09-25 19:21:19,688] 54 root -INFO - Features to one-hot-encode: ['Item_Type', 'Outlet_Size', 'Outlet_Type']
[2024-09-25 19:21:19,688] 55 root -INFO - Features to scale: ['Item_Weight', 'Item_MRP', 'Outlet_Age']
[2024-09-25 19:21:19,688] 65 root -INFO - Data transformation pipeline created.
[2024-09-25 19:21:19,693] 87 root -INFO - Applying preprocessing object on training dataframe and testing dataframe.
[2024-09-25 19:21:19,743] 91 root -INFO - Saved preprocessing object.
[2024-09-25 19:21:19,743] 26 root -INFO - Data Transformation completed.
[2024-09-25 19:21:19,743] 34 root -INFO - Split training and test input data
